I 2026/02/13 13:16:03 UPNP * found device: FRITZ!Box 7590
W 2026/02/13 13:16:03 UPNP * could not map mapped port 8091 to port 49152 on device FRITZ!Box 7590, external IP is 91.32.168.55
I 2026/02/13 13:16:04 Domain Init * local host address: 172.17.0.1 (local)
I 2026/02/13 13:16:04 Domain Init * local host address: 127.0.1.1 (local)
I 2026/02/13 13:16:04 Domain Init * local host address: 127.0.0.1 (local)
I 2026/02/13 13:16:04 Domain Init * local host address: 192.168.178.103 (local)
I 2026/02/13 13:16:04 Domain Init * finished
I 2026/02/13 13:16:04 KELONDRO * Word: hashCache.size = 200000
I 2026/02/13 13:16:04 SWITCHBOARD * Initializing Segment '/data/yacy/DATA/INDEX/freeworld/SEGMENTS.
I 2026/02/13 13:16:13 KELONDRO * HeapReader: generating index for /data/yacy/DATA/INDEX/freeworld/SEGMENTS/default/text.index.20260213084925100.blob, 10099 MB. Please wait.
I 2026/02/13 13:16:16 KELONDRO * HeapReader: indexing text.index.20260213084925100.blob 5.1% (512/10099 MB), 1287904 records, 193.3 MB/s, ETA 49s
I 2026/02/13 13:16:18 KELONDRO * HeapReader: indexing text.index.20260213084925100.blob 10.1% (1024/10099 MB), 2567666 records, 200.9 MB/s, ETA 45s
I 2026/02/13 13:16:20 KELONDRO * HeapReader: indexing text.index.20260213084925100.blob 15.2% (1536/10099 MB), 3841570 records, 207.5 MB/s, ETA 41s
I 2026/02/13 13:16:22 KELONDRO * HeapReader: indexing text.index.20260213084925100.blob 20.3% (2048/10099 MB), 5130004 records, 219.8 MB/s, ETA 36s
I 2026/02/13 13:16:25 KELONDRO * HeapReader: indexing text.index.20260213084925100.blob 25.4% (2561/10099 MB), 6432394 records, 218.1 MB/s, ETA 34s
I 2026/02/13 13:16:27 KELONDRO * HeapReader: indexing text.index.20260213084925100.blob 30.4% (3073/10099 MB), 7699088 records, 215.5 MB/s, ETA 32s
I 2026/02/13 13:16:30 KELONDRO * HeapReader: indexing text.index.20260213084925100.blob 35.5% (3585/10099 MB), 8947705 records, 213.8 MB/s, ETA 30s
I 2026/02/13 13:16:32 KELONDRO * HeapReader: indexing text.index.20260213084925100.blob 40.6% (4097/10099 MB), 10214632 records, 211.8 MB/s, ETA 28s
I 2026/02/13 13:16:35 KELONDRO * HeapReader: indexing text.index.20260213084925100.blob 45.6% (4609/10099 MB), 11520186 records, 210.5 MB/s, ETA 26s
I 2026/02/13 13:16:37 KELONDRO * HeapReader: indexing text.index.20260213084925100.blob 50.7% (5121/10099 MB), 12772829 records, 209.6 MB/s, ETA 23s
I 2026/02/13 13:16:40 KELONDRO * HeapReader: indexing text.index.20260213084925100.blob 55.8% (5633/10099 MB), 14049429 records, 209.1 MB/s, ETA 21s
I 2026/02/13 13:16:42 KELONDRO * HeapReader: indexing text.index.20260213084925100.blob 60.8% (6145/10099 MB), 15314000 records, 208.4 MB/s, ETA 18s
I 2026/02/13 13:16:45 KELONDRO * HeapReader: indexing text.index.20260213084925100.blob 65.9% (6657/10099 MB), 16594049 records, 207.1 MB/s, ETA 16s
I 2026/02/13 13:16:48 KELONDRO * HeapReader: indexing text.index.20260213084925100.blob 71.0% (7170/10099 MB), 17887328 records, 206.3 MB/s, ETA 14s
I 2026/02/13 13:16:50 KELONDRO * HeapReader: indexing text.index.20260213084925100.blob 76.1% (7682/10099 MB), 19166498 records, 205.5 MB/s, ETA 11s
I 2026/02/13 13:16:53 KELONDRO * HeapReader: indexing text.index.20260213084925100.blob 81.1% (8194/10099 MB), 20444774 records, 204.6 MB/s, ETA 9s
I 2026/02/13 13:16:56 KELONDRO * HeapReader: indexing text.index.20260213084925100.blob 86.2% (8706/10099 MB), 21730763 records, 203.8 MB/s, ETA 6s
I 2026/02/13 13:16:58 KELONDRO * HeapReader: indexing text.index.20260213084925100.blob 91.3% (9218/10099 MB), 23020480 records, 202.8 MB/s, ETA 4s
I 2026/02/13 13:17:01 KELONDRO * HeapReader: indexing text.index.20260213084925100.blob 96.3% (9730/10099 MB), 24294418 records, 202.7 MB/s, ETA 1s
I 2026/02/13 13:17:03 KELONDRO * HeapReader: finalizing index (sorting) for text.index.20260213084925100.blob
I 2026/02/13 13:17:03 KELONDRO * HeapReader: finished index generation for /data/yacy/DATA/INDEX/freeworld/SEGMENTS/default/text.index.20260213084925100.blob, 25285673 entries, 0 gaps.
I 2026/02/13 13:17:37 KELONDRO * HeapReader: dumping index for text.index.20260213084925100.blob to text.index.20260213084925100.blob.MGyzK8anbBpM.idx
